
Showing logs for build [32mcb-kubecd-environment-pr-191-13-srvzb-1[0m stage [32mfrom-build-pack[0m and container [32mstep-credential-initializer-w4gq5[0m
{"level":"warn","ts":1585506906.5512626,"logger":"fallback-logger","caller":"logging/config.go:69","msg":"Fetch GitHub commit ID from kodata failed: \"ref: refs/heads/0.8.0-**-support-backwards-incompats\" is not a valid GitHub commit ID"}
{"level":"info","ts":1585506906.5519466,"logger":"fallback-logger","caller":"creds-init/main.go:40","msg":"Credentials initialized."}

Showing logs for build [32mcb-kubecd-environment-pr-191-13-srvzb-1[0m stage [32mfrom-build-pack[0m and container [32mstep-working-dir-initializer-5n9jg[0m
{"level":"warn","ts":1585506907.392598,"logger":"fallback-logger","caller":"logging/config.go:69","msg":"Fetch GitHub commit ID from kodata failed: open /var/run/ko/HEAD: no such file or directory"}
{"level":"info","ts":1585506907.3942943,"logger":"fallback-logger","caller":"bash/main.go:64","msg":"Successfully executed command \"sh -c mkdir -p /workspace/source\"; output "}

Showing logs for build [32mcb-kubecd-environment-pr-191-13-srvzb-1[0m stage [32mfrom-build-pack[0m and container [32mstep-place-tools[0m

Showing logs for build [32mcb-kubecd-environment-pr-191-13-srvzb-1[0m stage [32mfrom-build-pack[0m and container [32mstep-git-source-cb-kubecd-environment-pr-191-13-srvzb-8nv4l[0m
{"level":"warn","ts":1585506913.5115292,"logger":"fallback-logger","caller":"logging/config.go:69","msg":"Fetch GitHub commit ID from kodata failed: \"ref: refs/heads/0.8.0-**-support-backwards-incompats\" is not a valid GitHub commit ID"}
{"level":"info","ts":1585506914.6202714,"logger":"fallback-logger","caller":"git/git.go:103","msg":"Successfully cloned https://github.com/cb-kubecd/environment-pr-191-130-boot-vault-gke-staging.git @ master in path /workspace/source"}

Showing logs for build [32mcb-kubecd-environment-pr-191-13-srvzb-1[0m stage [32mfrom-build-pack[0m and container [32mstep-git-merge[0m
Using SHAs from PULL_REFS=master:e6a072fa49b882f4ea058b8f2865c71a331f557e,1:fed4b4b53757f32cffda6bb96e38f84e9f9ff7a9
DEBUG: LC_ALL=C JX_LOG_LEVEL=error git fetch origin --unshallow fed4b4b53757f32cffda6bb96e38f84e9f9ff7a9: e6a072fa49b882f4ea058b8f2865c71a331f557e:
DEBUG: ran git fetch --unshallow origin fed4b4b53757f32cffda6bb96e38f84e9f9ff7a9: e6a072fa49b882f4ea058b8f2865c71a331f557e: in 
DEBUG: LC_ALL=C JX_LOG_LEVEL=error git branch
DEBUG: LC_ALL=C JX_LOG_LEVEL=error git checkout master
DEBUG: ran git checkout master in 
DEBUG: LC_ALL=C JX_LOG_LEVEL=error git reset --hard e6a072fa49b882f4ea058b8f2865c71a331f557e
DEBUG: ran git reset --hard e6a072fa49b882f4ea058b8f2865c71a331f557e in 
DEBUG: LC_ALL=C JX_LOG_LEVEL=error git clean -fd .
DEBUG: ran clean --force -d . in 
DEBUG: JX_LOG_LEVEL=error LC_ALL=C git merge fed4b4b53757f32cffda6bb96e38f84e9f9ff7a9
DEBUG: ran git merge fed4b4b53757f32cffda6bb96e38f84e9f9ff7a9 in 
DEBUG: LC_ALL=C JX_LOG_LEVEL=error git log --format=%H%x1f%an%x1f%ae%x1f%cn%x1f%ce%x1f%s%n%b%x1e e6a072fa49b882f4ea058b8f2865c71a331f557e..HEAD
Merged SHA fed4b4b53757f32cffda6bb96e38f84e9f9ff7a9 with commit message 'chore: Promote bdd-spring-1585506535 to version 0.0.1' into base branch master

Showing logs for build [32mcb-kubecd-environment-pr-191-13-srvzb-1[0m stage [32mfrom-build-pack[0m and container [32mstep-build-helm-build[0m
WARNING: No $CHART_REPOSITORY defined so using the default value of: http://jenkins-x-chartmuseum:8080
Adding missing Helm repo: storage.googleapis.com https://storage.googleapis.com/chartmuseum.jenkins-x.io
WARNING: No secrets found on "helm/repos" due: reading the secret "helm/repos" from vault: no secret "helm/repos" not found in vault
Read credentials for https://storage.googleapis.com/chartmuseum.jenkins-x.io from vault helm/repos
Successfully added Helm repository storage.googleapis.com.
Adding missing Helm repo: jenkins-x-chartmuseum http://jenkins-x-chartmuseum:8080
WARNING: No secrets found on "helm/repos" due: reading the secret "helm/repos" from vault: no secret "helm/repos" not found in vault
Read credentials for http://jenkins-x-chartmuseum:8080 from vault helm/repos
Successfully added Helm repository jenkins-x-chartmuseum.
WARNING: No $CHART_REPOSITORY defined so using the default value of: http://jenkins-x-chartmuseum:8080
Adding missing Helm repo: chartmuseum.jenkins-x.io http://chartmuseum.jenkins-x.io
WARNING: No secrets found on "helm/repos" due: reading the secret "helm/repos" from vault: no secret "helm/repos" not found in vault
Read credentials for http://chartmuseum.jenkins-x.io from vault helm/repos
Successfully added Helm repository chartmuseum.jenkins-x.io.
